2026-07-06 22:00:29	info	middleware/logger.go:29		{"method": "POST", "path": "/api/upload", "status": 500, "duration": "58.9936ms"}
2026-07-06 22:00:40	info	middleware/logger.go:29		{"method": "GET", "path": "/api/history", "status": 200, "duration": "2.0711ms"}
2026-07-06 22:00:40	info	middleware/logger.go:29		{"method": "GET", "path": "/api/task/not-exist", "status": 404, "duration": "1.3406ms"}
2026-07-06 22:01:00	info	middleware/logger.go:29		{"method": "POST", "path": "/api/upload", "status": 200, "duration": "38.1905ms"}
2026-07-06 22:01:12	info	middleware/logger.go:29		{"method": "GET", "path": "/api/task/d25855ee-9804-4262-8215-867a3bf64024", "status": 200, "duration": "1.332ms"}
2026-07-06 22:01:12	info	middleware/logger.go:29		{"method": "GET", "path": "/api/history", "status": 200, "duration": "1.3141ms"}
2026-07-06 22:01:44	info	middleware/logger.go:29		{"method": "POST", "path": "/api/upload", "status": 200, "duration": "48.8288ms"}
2026-07-06 22:01:47	info	middleware/logger.go:29		{"method": "GET", "path": "/api/task/aa17d8c9-5db2-4703-b2dd-4c65c25e2b3e", "status": 200, "duration": "1.7234ms"}
2026-07-06 22:02:29	info	middleware/logger.go:29		{"method": "POST", "path": "/api/upload", "status": 200, "duration": "86.477ms"}
2026-07-06 22:02:32	info	middleware/logger.go:29		{"method": "GET", "path": "/api/task/a2de9e25-6e09-4056-8259-9828433d3b23", "status": 200, "duration": "1.3285ms"}
2026-07-06 22:06:45	info	middleware/logger.go:29		{"method": "GET", "path": "/api/task/", "status": 404, "duration": "0s"}
2026-07-06 22:06:58	info	middleware/logger.go:29		{"method": "GET", "path": "/api/history", "status": 200, "duration": "1.5675ms"}
2026-07-06 22:08:19	info	middleware/logger.go:29		{"method": "GET", "path": "/api/history", "status": 200, "duration": "49.5553ms"}
2026-07-06 22:08:44	info	middleware/logger.go:29		{"method": "POST", "path": "/api/upload", "status": 200, "duration": "44.2803ms"}
2026-07-06 22:08:52	info	middleware/logger.go:29		{"method": "GET", "path": "/api/task/e86fa2b5-d90a-4c54-bb7f-0a40dbd1d3b0", "status": 200, "duration": "1.2706ms"}
2026-07-06 22:08:58	info	middleware/logger.go:29		{"method": "GET", "path": "/api/result/e86fa2b5-d90a-4c54-bb7f-0a40dbd1d3b0", "status": 200, "duration": "256.5379ms"}
2026-07-06 22:08:58	info	middleware/logger.go:29		{"method": "GET", "path": "/api/analysis/e86fa2b5-d90a-4c54-bb7f-0a40dbd1d3b0/mock_chart.png", "status": 200, "duration": "555.3µs"}
2026-07-06 22:09:38	info	middleware/logger.go:29		{"method": "GET", "path": "/api/task/", "status": 404, "duration": "0s"}
2026-07-06 22:09:38	info	middleware/logger.go:29		{"method": "GET", "path": "/api/analysis//mock_chart.png", "status": 400, "duration": "0s"}
2026-07-06 22:14:34	info	middleware/logger.go:29		{"method": "POST", "path": "/api/upload", "status": 200, "duration": "88.8843ms"}
2026-07-06 22:14:39	info	middleware/logger.go:29		{"method": "GET", "path": "/api/task/d990a206-b69c-4b5b-9e73-3f2dd605aae1", "status": 200, "duration": "1.472ms"}
2026-07-06 22:14:39	info	middleware/logger.go:29		{"method": "GET", "path": "/api/analysis/d990a206-b69c-4b5b-9e73-3f2dd605aae1/mock_chart.png", "status": 200, "duration": "263.7154ms"}
